2025-02-16T07:27:23.537Z [info]: No messages available.
2025-02-16T07:27:43.822Z [info]: No messages available.
2025-02-16T07:51:35.968Z [info]: No messages available.
2025-02-16T07:51:56.248Z [info]: No messages available.
2025-02-16T07:52:16.509Z [info]: No messages available.
2025-02-16T07:52:36.780Z [info]: No messages available.
2025-02-16T07:52:57.043Z [info]: No messages available.
2025-02-16T07:53:17.310Z [info]: No messages available.
2025-02-16T07:53:37.579Z [info]: No messages available.
2025-02-16T07:53:57.840Z [info]: No messages available.
2025-02-16T07:54:18.105Z [info]: No messages available.
2025-02-16T07:54:38.370Z [info]: No messages available.
2025-02-16T07:54:58.633Z [info]: No messages available.
2025-02-16T07:55:18.908Z [info]: No messages available.
2025-02-16T07:55:40.118Z [info]: No messages available.
2025-02-16T07:56:00.402Z [info]: No messages available.
2025-02-16T07:56:20.676Z [info]: No messages available.
2025-02-16T07:56:40.964Z [info]: No messages available.
2025-02-16T07:57:01.237Z [info]: No messages available.
2025-02-16T07:57:21.508Z [info]: No messages available.
2025-02-16T07:57:41.777Z [info]: No messages available.
2025-02-16T07:58:02.051Z [info]: No messages available.
2025-02-16T16:03:04.032Z [info]: No messages available.
2025-02-16T16:03:24.416Z [info]: No messages available.
2025-02-16T16:03:44.699Z [info]: No messages available.
2025-02-16T16:04:04.955Z [info]: No messages available.
2025-02-16T16:04:25.161Z [info]: No messages available.
2025-02-16T16:04:45.419Z [info]: No messages available.
2025-02-16T16:05:05.723Z [info]: No messages available.
2025-02-16T16:05:25.961Z [info]: No messages available.
2025-02-16T16:05:46.356Z [info]: No messages available.
2025-02-16T16:06:06.609Z [info]: No messages available.
2025-02-16T16:06:26.861Z [info]: No messages available.
2025-02-16T16:06:47.114Z [info]: No messages available.
2025-02-16T16:07:08.287Z [info]: No messages available.
2025-02-16T16:07:28.548Z [info]: No messages available.
2025-02-16T16:07:48.813Z [info]: No messages available.
2025-02-16T16:08:09.077Z [info]: No messages available.
2025-02-16T16:08:29.339Z [info]: No messages available.
2025-02-16T16:08:49.599Z [info]: No messages available.
2025-02-16T16:09:09.873Z [info]: No messages available.
2025-02-16T16:09:30.136Z [info]: No messages available.
2025-02-16T16:09:50.400Z [info]: No messages available.
2025-02-16T16:10:10.661Z [info]: No messages available.
2025-02-16T16:10:30.918Z [info]: No messages available.
2025-02-16T16:10:51.179Z [info]: No messages available.
2025-02-16T16:11:12.369Z [info]: No messages available.
2025-02-16T16:11:32.616Z [info]: No messages available.
2025-02-16T16:11:52.868Z [info]: No messages available.
2025-02-16T16:12:13.123Z [info]: No messages available.
2025-02-16T16:12:33.405Z [info]: No messages available.
2025-02-16T16:12:53.654Z [info]: No messages available.
2025-02-16T16:13:13.904Z [info]: No messages available.
2025-02-16T16:13:34.152Z [info]: No messages available.
2025-02-16T16:13:54.396Z [info]: No messages available.
2025-02-16T16:14:14.645Z [info]: No messages available.
2025-02-16T16:14:34.897Z [info]: No messages available.
2025-02-16T16:14:55.156Z [info]: No messages available.
2025-02-16T16:15:16.371Z [info]: No messages available.
2025-02-16T16:15:36.634Z [info]: No messages available.
2025-02-16T16:15:56.883Z [info]: No messages available.
2025-02-16T16:16:17.140Z [info]: No messages available.
2025-02-16T16:16:37.404Z [info]: No messages available.
2025-02-16T16:16:57.661Z [info]: No messages available.
2025-02-16T16:17:17.919Z [info]: No messages available.
2025-02-16T16:17:38.186Z [info]: No messages available.
2025-02-16T16:17:58.478Z [info]: No messages available.
2025-02-16T16:18:18.739Z [info]: No messages available.
2025-02-16T16:18:38.995Z [info]: No messages available.
2025-02-16T16:18:59.289Z [info]: No messages available.
2025-02-16T16:19:20.365Z [info]: No messages available.
2025-02-16T16:19:40.612Z [info]: No messages available.
2025-02-16T16:20:00.857Z [info]: No messages available.
2025-02-16T16:20:21.102Z [info]: No messages available.
2025-02-16T16:20:41.352Z [info]: No messages available.
2025-02-16T16:21:01.602Z [info]: No messages available.
2025-02-16T16:21:21.847Z [info]: No messages available.
2025-02-16T16:21:42.094Z [info]: No messages available.
2025-02-16T16:22:02.345Z [info]: No messages available.
2025-02-16T16:22:22.621Z [info]: No messages available.
2025-02-16T16:22:42.910Z [info]: No messages available.
2025-02-16T16:23:03.162Z [info]: No messages available.
2025-02-16T16:23:24.332Z [info]: No messages available.
2025-02-16T16:23:44.580Z [info]: No messages available.
2025-02-16T16:24:04.826Z [info]: No messages available.
2025-02-16T16:24:25.077Z [info]: No messages available.
2025-02-16T16:24:45.326Z [info]: No messages available.
2025-02-16T16:25:05.845Z [info]: No messages available.
2025-02-16T16:25:26.089Z [info]: No messages available.
2025-02-16T16:25:46.361Z [info]: No messages available.
2025-02-16T16:26:06.611Z [info]: No messages available.
2025-02-16T16:26:26.886Z [info]: No messages available.
2025-02-16T16:26:47.136Z [info]: No messages available.
2025-02-16T16:27:07.678Z [info]: No messages available.
2025-02-16T16:27:30.456Z [info]: No messages available.
2025-02-16T16:27:50.810Z [info]: No messages available.
2025-02-16T16:28:11.078Z [info]: No messages available.
2025-02-16T16:28:31.359Z [info]: No messages available.
2025-02-16T16:28:51.617Z [info]: No messages available.
2025-02-16T16:29:11.878Z [info]: No messages available.
2025-02-16T16:29:32.139Z [info]: No messages available.
2025-02-16T16:29:52.400Z [info]: No messages available.
2025-02-16T16:30:12.666Z [info]: No messages available.
2025-02-16T16:30:32.927Z [info]: No messages available.
2025-02-16T16:30:57.084Z [info]: No messages available.
2025-02-17T03:48:56.884Z [info]: No messages available.
2025-02-17T03:49:17.174Z [info]: No messages available.
2025-02-17T03:49:37.458Z [info]: No messages available.
2025-02-17T03:49:57.737Z [info]: No messages available.
2025-02-17T03:50:18.021Z [info]: No messages available.
2025-02-17T03:50:38.302Z [info]: No messages available.
2025-02-17T03:50:58.591Z [info]: No messages available.
2025-02-17T03:51:18.886Z [info]: No messages available.
2025-02-17T03:51:39.166Z [info]: No messages available.
2025-02-17T03:51:59.448Z [info]: No messages available.
2025-02-17T03:52:19.767Z [info]: No messages available.
2025-02-17T03:52:40.067Z [info]: No messages available.
2025-02-17T03:53:01.426Z [info]: No messages available.
2025-02-17T03:53:21.742Z [info]: No messages available.
2025-02-17T03:53:42.053Z [info]: No messages available.
2025-02-17T03:54:02.408Z [info]: No messages available.
2025-02-17T03:54:10.831Z [info]: Processing movie id: 1739764426095
2025-02-17T03:54:10.832Z [info]: Processing movie name : 1739764426095_video
2025-02-17T03:54:11.109Z [error]: Error updating transcoding status for movie ID 1739764426095: status is not defined
2025-02-17T03:56:16.710Z [error]: Error updating transcoding status for movie ID 1739764426095: status is not defined
2025-02-17T03:56:38.044Z [info]: No messages available.
2025-02-17T03:56:58.320Z [info]: No messages available.
2025-02-17T03:57:18.597Z [info]: No messages available.
2025-02-17T03:57:38.892Z [info]: No messages available.
2025-02-17T03:57:59.184Z [info]: No messages available.
2025-02-17T03:58:19.471Z [info]: No messages available.
2025-02-17T03:58:39.779Z [info]: No messages available.
2025-02-17T03:59:00.079Z [info]: No messages available.
2025-02-17T03:59:20.354Z [info]: No messages available.
2025-02-17T03:59:36.044Z [info]: Processing movie id: 67b2b422afb85dc9bf5758ef
2025-02-17T03:59:36.044Z [info]: Processing movie name : 67b2b422afb85dc9bf5758ef_video
2025-02-17T03:59:36.154Z [info]: Transcoding status updated to processing
2025-02-17T03:59:36.154Z [info]: [object Object]
2025-02-17T04:00:44.503Z [info]: Transcoding status updated to completed
2025-02-17T04:00:44.504Z [info]: [object Object]
2025-02-17T04:00:44.566Z [info]: Created catalog entry for movie: 67b2b422afb85dc9bf5758ef
2025-02-17T04:01:05.918Z [info]: No messages available.
2025-02-17T04:01:26.183Z [info]: No messages available.
2025-02-17T04:01:46.451Z [info]: No messages available.
2025-02-17T04:02:06.716Z [info]: No messages available.
2025-02-17T04:02:27.003Z [info]: No messages available.
2025-02-17T04:02:47.325Z [info]: No messages available.
2025-02-17T04:03:07.625Z [info]: No messages available.
2025-02-17T04:03:27.881Z [info]: No messages available.
2025-02-17T04:03:48.338Z [info]: No messages available.
2025-02-17T04:04:11.105Z [info]: No messages available.
2025-02-17T04:04:32.692Z [info]: No messages available.
2025-02-17T04:04:53.420Z [info]: No messages available.
2025-02-17T04:05:15.837Z [info]: No messages available.
2025-02-17T04:05:36.552Z [info]: No messages available.
2025-02-17T04:05:57.064Z [info]: No messages available.
2025-02-17T04:06:17.699Z [info]: No messages available.
2025-02-17T04:06:38.058Z [info]: No messages available.
2025-02-17T04:06:58.561Z [info]: No messages available.
2025-02-17T04:07:19.172Z [info]: No messages available.
2025-02-17T04:07:39.610Z [info]: No messages available.
2025-02-17T04:08:00.074Z [info]: No messages available.
2025-02-17T04:08:20.697Z [info]: No messages available.
2025-02-17T04:08:41.151Z [info]: No messages available.
2025-02-17T04:09:02.002Z [info]: No messages available.
2025-02-17T04:09:29.388Z [info]: No messages available.
2025-02-17T04:09:50.116Z [info]: No messages available.
2025-02-17T04:10:11.137Z [info]: No messages available.
2025-02-17T04:10:31.919Z [info]: No messages available.
2025-02-17T04:10:52.945Z [info]: No messages available.
2025-02-17T04:11:13.624Z [info]: No messages available.
2025-02-17T04:11:34.225Z [info]: No messages available.
2025-02-17T04:11:54.957Z [info]: No messages available.
2025-02-17T04:12:15.262Z [info]: No messages available.
2025-02-17T04:12:36.004Z [info]: No messages available.
2025-02-17T04:12:57.448Z [info]: No messages available.
2025-02-17T04:13:18.937Z [info]: No messages available.
2025-02-17T04:13:44.589Z [info]: No messages available.
2025-02-17T04:14:04.905Z [info]: No messages available.
2025-02-17T04:14:25.291Z [info]: No messages available.
2025-02-17T04:14:46.258Z [info]: No messages available.
2025-02-17T04:15:07.135Z [info]: No messages available.
2025-02-17T04:15:28.119Z [info]: No messages available.
2025-02-17T04:15:48.907Z [info]: No messages available.
2025-02-17T04:16:09.597Z [info]: No messages available.
2025-02-17T04:16:30.154Z [info]: No messages available.
2025-02-17T04:16:50.738Z [info]: No messages available.
2025-02-17T04:17:11.767Z [info]: No messages available.
2025-02-17T04:17:32.104Z [info]: No messages available.
2025-02-17T04:17:54.089Z [info]: No messages available.
2025-02-17T04:18:14.803Z [info]: No messages available.
2025-02-17T04:18:35.784Z [info]: No messages available.
2025-02-17T04:18:56.830Z [info]: No messages available.
2025-02-17T04:19:17.682Z [info]: No messages available.
2025-02-17T04:19:38.679Z [info]: No messages available.
2025-02-17T04:19:59.639Z [info]: No messages available.
2025-02-17T04:20:20.181Z [info]: No messages available.
2025-02-17T04:20:41.221Z [info]: No messages available.
2025-02-17T04:21:02.372Z [info]: No messages available.
2025-02-17T04:21:23.665Z [info]: No messages available.
2025-02-17T04:21:44.947Z [info]: No messages available.
2025-02-17T04:22:10.475Z [info]: No messages available.
2025-02-17T04:22:31.275Z [info]: No messages available.
2025-02-17T04:22:51.847Z [info]: No messages available.
2025-02-17T04:23:12.534Z [info]: No messages available.
2025-02-17T04:23:33.112Z [info]: No messages available.
2025-02-17T04:23:53.487Z [info]: No messages available.
2025-02-17T04:24:13.784Z [info]: No messages available.
2025-02-17T04:24:34.048Z [info]: No messages available.
2025-02-17T04:24:54.502Z [info]: No messages available.
2025-02-17T04:25:16.282Z [info]: No messages available.
2025-02-17T04:25:37.386Z [info]: No messages available.
2025-02-17T04:25:57.664Z [info]: No messages available.
2025-02-17T04:26:19.819Z [info]: No messages available.
2025-02-17T04:26:41.126Z [info]: No messages available.
2025-02-17T04:27:03.121Z [info]: No messages available.
2025-02-17T04:27:23.837Z [info]: No messages available.
2025-02-17T04:27:44.797Z [info]: No messages available.
2025-02-17T04:28:05.421Z [info]: No messages available.
2025-02-17T04:28:26.871Z [info]: No messages available.
2025-02-17T04:28:51.609Z [info]: No messages available.
2025-02-17T04:29:12.797Z [info]: No messages available.
2025-02-17T04:29:33.655Z [info]: No messages available.
2025-02-17T04:29:54.432Z [info]: No messages available.
2025-02-17T04:31:03.882Z [info]: No messages available.
2025-02-17T04:31:25.843Z [info]: No messages available.
2025-02-17T04:32:12.508Z [info]: No messages available.
2025-02-17T04:32:32.999Z [info]: No messages available.
2025-02-17T04:32:53.479Z [info]: No messages available.
2025-02-17T04:33:13.948Z [info]: No messages available.
2025-02-17T04:33:34.395Z [info]: No messages available.
2025-02-17T04:33:55.181Z [info]: No messages available.
2025-02-17T04:34:15.504Z [info]: No messages available.
2025-02-17T04:34:35.948Z [info]: No messages available.
2025-02-17T04:34:58.150Z [info]: No messages available.
2025-02-17T04:35:19.173Z [info]: No messages available.
2025-02-17T04:35:39.549Z [info]: No messages available.
2025-02-17T04:36:00.024Z [info]: No messages available.
2025-02-17T04:36:20.399Z [info]: No messages available.
2025-02-17T04:36:41.068Z [info]: No messages available.
2025-02-17T04:37:01.368Z [info]: No messages available.
2025-02-17T04:37:21.732Z [info]: No messages available.
2025-02-17T04:37:42.366Z [info]: No messages available.
2025-02-17T04:38:02.695Z [info]: No messages available.
2025-02-17T04:38:23.060Z [info]: No messages available.
2025-02-17T04:38:43.386Z [info]: No messages available.
2025-02-17T04:39:04.696Z [info]: No messages available.
2025-02-17T04:39:24.965Z [info]: No messages available.
2025-02-17T04:39:45.240Z [info]: No messages available.
2025-02-17T04:40:05.529Z [info]: No messages available.
2025-02-17T04:40:26.026Z [info]: No messages available.
2025-02-17T04:40:46.505Z [info]: No messages available.
2025-02-17T04:41:06.821Z [info]: No messages available.
2025-02-17T04:41:27.239Z [info]: No messages available.
2025-02-17T04:41:47.823Z [info]: No messages available.
2025-02-17T04:42:08.318Z [info]: No messages available.
2025-02-17T04:42:28.678Z [info]: No messages available.
2025-02-17T04:42:49.967Z [info]: No messages available.
2025-02-17T04:43:13.271Z [info]: No messages available.
2025-02-17T04:43:33.645Z [info]: No messages available.
2025-02-17T04:43:54.202Z [info]: No messages available.
2025-02-17T04:44:14.633Z [info]: No messages available.
2025-02-17T04:44:34.979Z [info]: No messages available.
2025-02-17T04:44:55.265Z [info]: No messages available.
2025-02-17T04:45:15.576Z [info]: No messages available.
2025-02-17T04:45:36.053Z [info]: No messages available.
2025-02-17T04:45:56.352Z [info]: No messages available.
2025-02-17T04:46:16.675Z [info]: No messages available.
2025-02-17T04:46:36.999Z [info]: No messages available.
2025-02-17T04:46:57.295Z [info]: No messages available.
2025-02-17T04:47:19.046Z [info]: No messages available.
2025-02-17T04:47:39.601Z [info]: No messages available.
2025-02-17T04:47:59.965Z [info]: No messages available.
2025-02-17T04:48:20.243Z [info]: No messages available.
2025-02-17T04:48:40.512Z [info]: No messages available.
2025-02-17T04:49:00.780Z [info]: No messages available.
2025-02-17T04:49:21.099Z [info]: No messages available.
2025-02-17T04:49:42.216Z [info]: No messages available.
2025-02-17T04:50:02.555Z [info]: No messages available.
2025-02-17T04:50:22.867Z [info]: No messages available.
2025-02-17T04:50:43.135Z [info]: No messages available.
2025-02-17T04:51:03.522Z [info]: No messages available.
2025-02-17T04:51:25.444Z [info]: No messages available.
2025-02-17T04:51:45.729Z [info]: No messages available.
2025-02-17T04:52:06.021Z [info]: No messages available.
2025-02-17T04:52:26.284Z [info]: No messages available.
2025-02-17T04:52:46.628Z [info]: No messages available.
2025-02-17T04:53:06.930Z [info]: No messages available.
2025-02-17T04:53:27.541Z [info]: No messages available.
2025-02-17T04:53:48.245Z [info]: No messages available.
2025-02-17T04:54:08.579Z [info]: No messages available.
2025-02-17T04:54:29.168Z [info]: No messages available.
2025-02-17T04:54:49.650Z [info]: No messages available.
2025-02-17T04:55:09.938Z [info]: No messages available.
2025-02-17T04:55:31.219Z [info]: No messages available.
2025-02-17T04:55:51.583Z [info]: No messages available.
2025-02-17T04:56:11.971Z [info]: No messages available.
2025-02-17T04:56:32.272Z [info]: No messages available.
2025-02-17T04:56:52.733Z [info]: No messages available.
2025-02-17T04:57:13.560Z [info]: No messages available.
2025-02-17T04:57:33.869Z [info]: No messages available.
2025-02-17T04:57:54.883Z [info]: No messages available.
2025-02-17T04:58:13.711Z [info]: No messages available.
2025-02-17T06:50:35.131Z [info]: No messages available.
2025-02-17T06:50:55.435Z [info]: No messages available.
2025-02-17T06:51:15.768Z [info]: No messages available.
2025-02-17T06:51:36.245Z [info]: No messages available.
2025-02-17T06:51:56.552Z [info]: No messages available.
2025-02-17T06:52:17.009Z [info]: No messages available.
2025-02-17T06:52:37.580Z [info]: No messages available.
2025-02-17T06:52:57.970Z [info]: No messages available.
2025-02-17T06:53:18.335Z [info]: No messages available.
2025-02-17T06:53:38.691Z [info]: No messages available.
2025-02-17T06:53:59.156Z [info]: No messages available.
2025-02-17T06:54:19.530Z [info]: No messages available.
2025-02-17T06:54:42.543Z [info]: No messages available.
2025-02-17T06:55:02.908Z [info]: No messages available.
2025-02-17T06:55:23.179Z [info]: No messages available.
2025-02-17T06:55:43.526Z [info]: No messages available.
2025-02-17T06:56:03.829Z [info]: No messages available.
2025-02-17T06:56:24.098Z [info]: No messages available.
2025-02-17T06:56:45.284Z [info]: No messages available.
2025-02-17T06:57:05.549Z [info]: No messages available.
2025-02-17T06:57:25.948Z [info]: No messages available.
2025-02-17T06:57:46.242Z [info]: No messages available.
2025-02-17T06:58:33.648Z [info]: No messages available.
2025-02-17T06:58:55.975Z [info]: No messages available.
2025-02-17T06:59:17.446Z [info]: No messages available.
2025-02-17T06:59:39.007Z [info]: No messages available.
2025-02-17T07:00:00.584Z [info]: No messages available.
2025-02-17T07:00:22.013Z [info]: No messages available.
2025-02-17T07:00:43.022Z [info]: No messages available.
2025-02-17T07:01:03.386Z [info]: No messages available.
2025-02-17T07:01:23.726Z [info]: No messages available.
2025-02-17T07:01:45.063Z [info]: No messages available.
2025-02-17T07:02:05.359Z [info]: No messages available.
2025-02-17T07:02:25.640Z [info]: No messages available.
2025-02-17T07:02:46.007Z [info]: No messages available.
2025-02-17T07:03:06.298Z [info]: No messages available.
2025-02-17T07:03:30.950Z [info]: No messages available.
2025-02-17T07:03:51.327Z [info]: No messages available.
2025-02-17T07:04:11.656Z [info]: No messages available.
2025-02-17T07:04:31.991Z [info]: No messages available.
2025-02-17T07:04:53.588Z [info]: No messages available.
2025-02-17T07:05:13.894Z [info]: No messages available.
2025-02-17T07:05:34.190Z [info]: No messages available.
2025-02-17T07:05:54.534Z [info]: No messages available.
2025-02-17T07:06:14.829Z [info]: No messages available.
2025-02-17T07:06:35.130Z [info]: No messages available.
2025-02-17T07:06:55.423Z [info]: No messages available.
2025-02-17T07:07:15.715Z [info]: No messages available.
2025-02-17T07:07:36.810Z [info]: No messages available.
2025-02-17T07:07:57.074Z [info]: No messages available.
2025-02-17T07:08:17.326Z [info]: No messages available.
2025-02-17T07:08:37.575Z [info]: No messages available.
2025-02-17T07:08:57.810Z [info]: No messages available.
2025-02-17T07:09:18.045Z [info]: No messages available.
2025-02-17T07:09:38.288Z [info]: No messages available.
2025-02-17T07:09:58.522Z [info]: No messages available.
2025-02-17T07:10:18.758Z [info]: No messages available.
2025-02-17T07:10:39.015Z [info]: No messages available.
2025-02-17T07:10:59.249Z [info]: No messages available.
2025-02-17T07:11:19.504Z [info]: No messages available.
2025-02-17T07:11:40.649Z [info]: No messages available.
2025-02-17T07:12:00.893Z [info]: No messages available.
2025-02-17T07:12:21.139Z [info]: No messages available.
2025-02-17T07:12:41.392Z [info]: No messages available.
2025-02-17T07:13:01.663Z [info]: No messages available.
2025-02-17T07:13:21.912Z [info]: No messages available.
2025-02-17T07:13:42.159Z [info]: No messages available.
2025-02-17T07:14:02.414Z [info]: No messages available.
2025-02-17T07:14:22.658Z [info]: No messages available.
2025-02-17T07:14:42.905Z [info]: No messages available.
2025-02-17T07:15:03.169Z [info]: No messages available.
2025-02-17T07:15:23.425Z [info]: No messages available.
2025-02-17T07:15:44.554Z [info]: No messages available.
2025-02-17T07:16:04.910Z [info]: No messages available.
2025-02-17T07:16:25.158Z [info]: No messages available.
2025-02-17T07:16:45.533Z [info]: No messages available.
2025-02-17T07:17:05.786Z [info]: No messages available.
2025-02-17T07:17:26.035Z [info]: No messages available.
2025-02-17T07:17:46.282Z [info]: No messages available.
2025-02-17T07:18:06.533Z [info]: No messages available.
2025-02-17T07:18:26.813Z [info]: No messages available.
2025-02-17T07:18:47.087Z [info]: No messages available.
2025-02-17T07:19:07.418Z [info]: No messages available.
2025-02-17T07:19:27.692Z [info]: No messages available.
2025-02-17T07:19:49.031Z [info]: No messages available.
2025-02-17T07:20:09.312Z [info]: No messages available.
2025-02-17T07:20:29.592Z [info]: No messages available.
2025-02-17T07:20:49.871Z [info]: No messages available.
2025-02-17T07:21:10.153Z [info]: No messages available.
2025-02-17T07:21:30.431Z [info]: No messages available.
2025-02-17T07:21:50.707Z [info]: No messages available.
2025-02-17T07:22:11.385Z [info]: No messages available.
2025-02-17T07:22:31.668Z [info]: No messages available.
2025-02-17T07:22:51.944Z [info]: No messages available.
2025-02-17T07:23:12.225Z [info]: No messages available.
2025-02-17T07:23:32.504Z [info]: No messages available.
2025-02-17T07:23:53.813Z [info]: No messages available.
2025-02-17T07:24:14.106Z [info]: No messages available.
2025-02-17T07:24:34.380Z [info]: No messages available.
2025-02-17T07:24:54.654Z [info]: No messages available.
2025-02-17T07:25:14.926Z [info]: No messages available.
2025-02-17T07:25:35.203Z [info]: No messages available.
2025-02-17T07:25:55.472Z [info]: No messages available.
2025-02-17T07:26:15.741Z [info]: No messages available.
2025-02-17T07:26:36.015Z [info]: No messages available.
2025-02-17T07:26:56.282Z [info]: No messages available.
2025-02-17T07:27:16.552Z [info]: No messages available.
2025-02-17T07:27:36.892Z [info]: No messages available.
2025-02-17T07:27:58.226Z [info]: No messages available.
2025-02-17T07:28:18.477Z [info]: No messages available.
2025-02-17T07:28:38.738Z [info]: No messages available.
2025-02-17T07:28:58.991Z [info]: No messages available.
2025-02-17T07:29:19.240Z [info]: No messages available.
2025-02-17T07:29:39.488Z [info]: No messages available.
2025-02-17T07:29:59.735Z [info]: No messages available.
2025-02-17T07:30:19.981Z [info]: No messages available.
2025-02-17T07:30:40.231Z [info]: No messages available.
2025-02-17T07:31:00.475Z [info]: No messages available.
2025-02-17T07:31:20.721Z [info]: No messages available.
2025-02-17T07:31:40.967Z [info]: No messages available.
2025-02-17T07:32:02.240Z [info]: No messages available.
2025-02-17T07:32:22.542Z [info]: No messages available.
2025-02-17T07:32:42.830Z [info]: No messages available.
2025-02-17T07:33:03.118Z [info]: No messages available.
2025-02-17T07:33:23.409Z [info]: No messages available.
2025-02-17T07:33:43.698Z [info]: No messages available.
2025-02-17T07:34:03.985Z [info]: No messages available.
2025-02-17T07:34:24.274Z [info]: No messages available.
2025-02-17T07:34:44.581Z [info]: No messages available.
2025-02-17T07:35:04.922Z [info]: No messages available.
2025-02-17T07:35:25.212Z [info]: No messages available.
2025-02-17T07:35:45.503Z [info]: No messages available.
2025-02-17T07:36:06.640Z [info]: No messages available.
2025-02-17T07:36:26.893Z [info]: No messages available.
2025-02-17T07:36:47.147Z [info]: No messages available.
2025-02-17T07:37:07.399Z [info]: No messages available.
2025-02-17T07:37:27.646Z [info]: No messages available.
2025-02-17T07:37:47.896Z [info]: No messages available.
2025-02-17T07:38:08.146Z [info]: No messages available.
2025-02-17T07:38:28.393Z [info]: No messages available.
2025-02-17T07:38:48.637Z [info]: No messages available.
2025-02-17T07:39:08.884Z [info]: No messages available.
2025-02-17T07:39:29.129Z [info]: No messages available.
2025-02-17T07:39:49.374Z [info]: No messages available.
2025-02-17T07:40:10.525Z [info]: No messages available.
2025-02-17T07:40:30.767Z [info]: No messages available.
2025-02-17T07:40:51.030Z [info]: No messages available.
2025-02-17T07:41:11.296Z [info]: No messages available.
2025-02-17T07:41:31.537Z [info]: No messages available.
2025-02-17T07:41:51.794Z [info]: No messages available.
2025-02-17T07:42:12.036Z [info]: No messages available.
2025-02-17T07:42:32.280Z [info]: No messages available.
2025-02-17T07:42:52.523Z [info]: No messages available.
2025-02-17T07:43:12.779Z [info]: No messages available.
2025-02-17T07:43:33.023Z [info]: No messages available.
2025-02-17T07:43:53.264Z [info]: No messages available.
2025-02-17T07:44:14.489Z [info]: No messages available.
2025-02-17T07:44:34.799Z [info]: No messages available.
2025-02-17T07:44:55.083Z [info]: No messages available.
2025-02-17T07:45:15.383Z [info]: No messages available.
2025-02-17T07:45:35.661Z [info]: No messages available.
2025-02-17T07:45:55.940Z [info]: No messages available.
2025-02-17T07:46:16.218Z [info]: No messages available.
2025-02-17T07:46:36.506Z [info]: No messages available.
2025-02-17T07:46:56.797Z [info]: No messages available.
2025-02-17T07:47:17.080Z [info]: No messages available.
2025-02-17T07:47:37.364Z [info]: No messages available.
2025-02-17T07:47:57.645Z [info]: No messages available.
2025-02-17T07:48:18.762Z [info]: No messages available.
2025-02-17T07:48:39.055Z [info]: No messages available.
2025-02-17T07:48:59.305Z [info]: No messages available.
2025-02-17T07:49:19.555Z [info]: No messages available.
2025-02-17T07:49:39.812Z [info]: No messages available.
2025-02-17T07:50:00.065Z [info]: No messages available.
2025-02-17T07:50:20.316Z [info]: No messages available.
2025-02-17T07:50:40.571Z [info]: No messages available.
2025-02-17T07:51:00.818Z [info]: No messages available.
2025-02-17T07:51:21.068Z [info]: No messages available.
2025-02-17T07:51:41.330Z [info]: No messages available.
2025-02-17T07:52:01.580Z [info]: No messages available.
2025-02-17T07:52:22.775Z [info]: No messages available.
2025-02-17T07:52:43.056Z [info]: No messages available.
2025-02-17T07:53:03.323Z [info]: No messages available.
2025-02-17T07:53:23.601Z [info]: No messages available.
2025-02-17T07:53:43.884Z [info]: No messages available.
2025-02-17T07:54:04.162Z [info]: No messages available.
2025-02-17T07:54:24.420Z [info]: No messages available.
2025-02-17T07:54:44.679Z [info]: No messages available.
2025-02-17T07:55:04.936Z [info]: No messages available.
2025-02-17T07:55:25.193Z [info]: No messages available.
2025-02-17T07:55:45.453Z [info]: No messages available.
2025-02-17T08:03:16.568Z [info]: No messages available.
2025-02-17T08:03:36.893Z [info]: No messages available.
2025-02-17T08:03:58.600Z [info]: No messages available.
2025-02-17T08:04:20.207Z [info]: No messages available.
2025-02-17T08:04:41.513Z [info]: No messages available.
2025-02-17T08:05:03.114Z [info]: No messages available.
2025-02-17T08:05:24.589Z [info]: No messages available.
2025-02-17T08:05:44.873Z [info]: No messages available.
2025-02-17T08:06:05.130Z [info]: No messages available.
2025-02-17T08:06:26.896Z [info]: No messages available.
2025-02-17T08:06:47.147Z [info]: No messages available.
2025-02-17T08:07:08.333Z [info]: No messages available.
2025-02-17T08:07:28.614Z [info]: No messages available.
2025-02-17T08:07:48.889Z [info]: No messages available.
2025-02-17T08:08:09.172Z [info]: No messages available.
2025-02-17T08:08:29.559Z [info]: No messages available.
2025-02-17T08:08:49.842Z [info]: No messages available.
2025-02-17T08:09:11.734Z [info]: No messages available.
2025-02-17T08:09:32.030Z [info]: No messages available.
2025-02-17T08:09:52.308Z [info]: No messages available.
2025-02-17T08:10:12.688Z [info]: No messages available.
2025-02-17T08:10:32.962Z [info]: No messages available.
2025-02-17T08:10:53.257Z [info]: No messages available.
2025-02-17T08:11:18.108Z [info]: No messages available.
2025-02-17T08:11:39.782Z [info]: No messages available.
2025-02-17T08:12:00.063Z [info]: No messages available.
2025-02-17T08:12:21.404Z [info]: No messages available.
2025-02-17T08:12:43.625Z [info]: No messages available.
2025-02-17T08:13:05.130Z [info]: No messages available.
2025-02-17T08:13:26.739Z [info]: No messages available.
2025-02-17T08:13:47.025Z [info]: No messages available.
2025-02-17T08:14:07.395Z [info]: No messages available.
2025-02-17T08:14:27.674Z [info]: No messages available.
2025-02-17T08:14:47.954Z [info]: No messages available.
2025-02-17T08:15:09.834Z [info]: No messages available.
2025-02-17T08:15:31.295Z [info]: No messages available.
2025-02-17T08:15:52.651Z [info]: No messages available.
2025-02-17T08:16:14.499Z [info]: No messages available.
2025-02-17T08:16:34.740Z [info]: No messages available.
2025-02-17T08:16:55.805Z [info]: No messages available.
2025-02-17T08:17:16.056Z [info]: No messages available.
2025-02-17T08:17:36.302Z [info]: No messages available.
2025-02-17T08:17:56.544Z [info]: No messages available.
2025-02-17T08:18:16.844Z [info]: No messages available.
2025-02-17T08:18:37.108Z [info]: No messages available.
2025-02-17T08:18:57.357Z [info]: No messages available.
2025-02-17T08:19:18.412Z [info]: No messages available.
2025-02-17T08:19:38.693Z [info]: No messages available.
2025-02-17T08:19:58.954Z [info]: No messages available.
2025-02-17T08:20:19.202Z [info]: No messages available.
2025-02-17T08:20:39.470Z [info]: No messages available.
2025-02-17T08:20:59.722Z [info]: No messages available.
2025-02-17T08:21:19.968Z [info]: No messages available.
2025-02-17T08:21:40.224Z [info]: No messages available.
2025-02-17T08:22:01.319Z [info]: No messages available.
2025-02-17T08:22:21.567Z [info]: No messages available.
2025-02-17T08:22:42.687Z [info]: No messages available.
2025-02-17T08:23:03.484Z [info]: No messages available.
2025-02-17T08:23:27.816Z [info]: No messages available.
2025-02-17T08:23:48.099Z [info]: No messages available.
2025-02-17T08:24:08.386Z [info]: No messages available.
2025-02-17T08:24:28.686Z [info]: No messages available.
2025-02-17T08:24:48.970Z [info]: No messages available.
2025-02-17T08:25:09.259Z [info]: No messages available.
2025-02-17T08:25:29.546Z [info]: No messages available.
2025-02-17T08:25:51.091Z [info]: No messages available.
2025-02-17T08:26:11.390Z [info]: No messages available.
2025-02-17T08:26:32.892Z [info]: No messages available.
2025-02-17T08:26:53.177Z [info]: No messages available.
2025-02-17T08:27:15.495Z [info]: No messages available.
2025-02-17T08:27:41.617Z [info]: No messages available.
2025-02-17T08:28:04.240Z [info]: No messages available.
2025-02-17T08:28:25.841Z [info]: No messages available.
2025-02-17T08:28:46.119Z [info]: No messages available.
2025-02-17T08:29:06.395Z [info]: No messages available.
2025-02-17T08:29:26.691Z [info]: No messages available.
2025-02-17T08:29:46.967Z [info]: No messages available.
2025-02-17T08:30:07.293Z [info]: No messages available.
2025-02-17T08:30:27.606Z [info]: No messages available.
2025-02-17T08:30:47.885Z [info]: No messages available.
2025-02-17T08:31:09.404Z [info]: No messages available.
2025-02-17T08:31:35.428Z [info]: No messages available.
2025-02-17T08:31:56.966Z [info]: No messages available.
2025-02-17T08:32:17.245Z [info]: No messages available.
2025-02-17T08:32:37.529Z [info]: No messages available.
2025-02-17T08:32:57.809Z [info]: No messages available.
2025-02-17T08:33:18.121Z [info]: No messages available.
2025-02-17T08:33:38.439Z [info]: No messages available.
2025-02-17T08:33:59.782Z [info]: No messages available.
2025-02-17T08:34:20.065Z [info]: No messages available.
2025-02-17T08:34:40.346Z [info]: No messages available.
2025-02-17T08:35:02.249Z [info]: No messages available.
2025-02-17T08:35:27.164Z [info]: No messages available.
2025-02-17T08:35:48.638Z [info]: No messages available.
2025-02-17T08:36:08.926Z [info]: No messages available.
2025-02-17T08:36:30.532Z [info]: No messages available.
2025-02-17T08:36:52.337Z [info]: No messages available.
2025-02-17T08:37:13.632Z [info]: No messages available.
2025-02-17T08:37:33.916Z [info]: No messages available.
2025-02-17T08:37:54.250Z [info]: No messages available.
2025-02-17T08:38:14.570Z [info]: No messages available.
2025-02-17T08:38:36.057Z [info]: No messages available.
2025-02-17T08:38:58.392Z [info]: No messages available.
2025-02-17T08:39:19.699Z [info]: No messages available.
2025-02-17T08:39:39.981Z [info]: No messages available.
2025-02-17T08:40:00.251Z [info]: No messages available.
2025-02-17T08:40:21.644Z [info]: No messages available.
2025-02-17T08:40:41.915Z [info]: No messages available.
2025-02-17T08:41:02.183Z [info]: No messages available.
2025-02-17T08:41:23.913Z [info]: No messages available.
2025-02-17T08:41:44.195Z [info]: No messages available.
2025-02-17T08:42:04.466Z [info]: No messages available.
2025-02-17T08:42:26.372Z [info]: No messages available.
2025-02-17T08:42:46.640Z [info]: No messages available.
2025-02-17T08:43:06.918Z [info]: No messages available.
2025-02-17T08:43:29.863Z [info]: No messages available.
2025-02-17T08:43:51.132Z [info]: No messages available.
2025-02-17T08:44:12.678Z [info]: No messages available.
2025-02-17T08:44:34.076Z [info]: No messages available.
2025-02-17T08:44:55.289Z [info]: No messages available.
2025-02-17T08:45:15.571Z [info]: No messages available.
2025-02-17T08:45:35.824Z [info]: No messages available.
2025-02-17T08:45:58.724Z [info]: No messages available.
2025-02-17T08:46:19.035Z [info]: No messages available.
2025-02-17T08:46:39.286Z [info]: No messages available.
2025-02-17T08:46:59.536Z [info]: No messages available.
2025-02-17T08:47:21.500Z [info]: No messages available.
2025-02-17T08:47:42.800Z [info]: No messages available.
2025-02-17T08:48:03.052Z [info]: No messages available.
2025-02-17T08:48:23.321Z [info]: No messages available.
2025-02-17T08:48:43.598Z [info]: No messages available.
2025-02-17T08:49:03.865Z [info]: No messages available.
2025-02-17T08:49:24.973Z [info]: No messages available.
2025-02-17T08:49:46.896Z [info]: No messages available.
2025-02-17T08:50:07.931Z [info]: No messages available.
2025-02-17T08:50:28.950Z [info]: No messages available.
2025-02-17T08:50:49.198Z [info]: No messages available.
2025-02-17T08:51:09.453Z [info]: No messages available.
2025-02-17T08:51:30.631Z [info]: No messages available.
2025-02-17T08:51:50.935Z [info]: No messages available.
2025-02-17T08:52:11.216Z [info]: No messages available.
2025-02-17T08:52:32.428Z [info]: No messages available.
2025-02-17T08:52:52.885Z [info]: No messages available.
2025-02-17T08:53:14.397Z [info]: No messages available.
2025-02-17T08:53:35.791Z [info]: No messages available.
2025-02-17T08:53:56.168Z [info]: No messages available.
2025-02-17T08:54:17.606Z [info]: No messages available.
2025-02-17T08:54:37.878Z [info]: No messages available.
2025-02-17T08:54:58.166Z [info]: No messages available.
2025-02-17T08:55:18.500Z [info]: No messages available.
2025-02-17T08:55:39.824Z [info]: No messages available.
2025-02-17T08:56:00.181Z [info]: No messages available.
2025-02-17T08:56:20.465Z [info]: No messages available.
2025-02-17T08:56:40.811Z [info]: No messages available.
2025-02-17T08:57:01.079Z [info]: No messages available.
2025-02-17T08:57:21.383Z [info]: No messages available.
2025-02-17T08:57:41.763Z [info]: No messages available.
2025-02-17T08:58:02.042Z [info]: No messages available.
2025-02-17T08:58:22.414Z [info]: No messages available.
2025-02-17T08:58:42.695Z [info]: No messages available.
2025-02-17T08:59:02.980Z [info]: No messages available.
2025-02-17T08:59:24.882Z [info]: No messages available.
2025-02-17T08:59:50.453Z [info]: No messages available.
2025-02-17T09:00:10.706Z [info]: No messages available.
2025-02-17T09:00:30.957Z [info]: No messages available.
2025-02-17T09:00:51.314Z [info]: No messages available.
2025-02-17T09:01:11.598Z [info]: No messages available.
2025-02-17T09:01:31.848Z [info]: No messages available.
2025-02-17T09:01:53.060Z [info]: No messages available.
2025-02-17T09:02:13.451Z [info]: No messages available.
2025-02-17T09:02:33.827Z [info]: No messages available.
2025-02-17T09:02:54.079Z [info]: No messages available.
2025-02-17T09:03:14.379Z [info]: No messages available.
2025-02-17T09:03:36.386Z [info]: No messages available.
2025-02-17T09:04:01.078Z [info]: No messages available.
2025-02-17T09:04:21.343Z [info]: No messages available.
2025-02-17T09:04:41.602Z [info]: No messages available.
2025-02-17T09:05:01.863Z [info]: No messages available.
2025-02-17T09:05:23.220Z [info]: No messages available.
2025-02-17T09:05:43.481Z [info]: No messages available.
2025-02-17T09:06:03.758Z [info]: No messages available.
2025-02-17T09:06:24.040Z [info]: No messages available.
2025-02-17T09:06:44.314Z [info]: No messages available.
2025-02-17T09:07:04.580Z [info]: No messages available.
2025-02-17T09:07:24.865Z [info]: No messages available.
2025-02-17T09:07:45.125Z [info]: No messages available.
2025-02-17T09:08:06.444Z [info]: No messages available.
2025-02-17T09:08:26.807Z [info]: No messages available.
2025-02-17T09:08:47.180Z [info]: No messages available.
2025-02-17T09:09:07.666Z [info]: No messages available.
2025-02-17T09:09:27.943Z [info]: No messages available.
2025-02-17T09:09:48.238Z [info]: No messages available.
2025-02-17T09:10:09.619Z [info]: No messages available.
2025-02-17T09:10:31.030Z [info]: No messages available.
2025-02-17T09:10:51.362Z [info]: No messages available.
2025-02-17T09:11:12.609Z [info]: No messages available.
2025-02-17T09:11:32.982Z [info]: No messages available.
2025-02-17T09:11:54.485Z [info]: No messages available.
2025-02-17T09:12:20.430Z [info]: No messages available.
2025-02-17T09:12:40.707Z [info]: No messages available.
2025-02-17T09:13:00.984Z [info]: No messages available.
2025-02-17T09:13:21.336Z [info]: No messages available.
2025-02-17T09:13:41.617Z [info]: No messages available.
2025-02-17T09:14:01.976Z [info]: No messages available.
2025-02-17T09:14:23.275Z [info]: No messages available.
2025-02-17T09:14:44.263Z [info]: No messages available.
2025-02-17T09:15:04.753Z [info]: No messages available.
2025-02-17T09:15:26.328Z [info]: No messages available.
2025-02-17T09:15:47.437Z [info]: No messages available.
2025-02-17T09:16:10.304Z [info]: No messages available.
2025-02-17T09:16:30.546Z [info]: No messages available.
2025-02-17T09:16:50.789Z [info]: No messages available.
2025-02-17T09:17:11.100Z [info]: No messages available.
2025-02-17T09:17:31.339Z [info]: No messages available.
2025-02-17T09:17:52.565Z [info]: No messages available.
2025-02-17T09:18:12.803Z [info]: No messages available.
2025-02-17T09:18:33.151Z [info]: No messages available.
2025-02-17T09:18:54.950Z [info]: No messages available.
2025-02-17T09:19:15.193Z [info]: No messages available.
2025-02-17T09:19:35.451Z [info]: No messages available.
2025-02-17T09:19:55.808Z [info]: No messages available.
2025-02-17T09:20:20.274Z [info]: No messages available.
2025-02-17T09:20:41.601Z [info]: No messages available.
2025-02-17T09:21:03.044Z [info]: No messages available.
2025-02-17T09:21:23.304Z [info]: No messages available.
2025-02-17T09:21:43.577Z [info]: No messages available.
2025-02-17T09:22:04.925Z [info]: No messages available.
2025-02-17T09:22:25.177Z [info]: No messages available.
2025-02-17T09:22:45.451Z [info]: No messages available.
2025-02-17T09:23:06.863Z [info]: No messages available.
2025-02-17T09:23:27.110Z [info]: No messages available.
2025-02-17T09:23:49.815Z [info]: No messages available.
2025-02-17T09:24:11.793Z [info]: No messages available.
2025-02-17T09:24:32.032Z [info]: No messages available.
2025-02-17T09:24:52.272Z [info]: No messages available.
2025-02-17T09:25:13.437Z [info]: No messages available.
2025-02-17T09:25:33.711Z [info]: No messages available.
2025-02-17T09:25:54.725Z [info]: No messages available.
2025-02-17T09:26:14.965Z [info]: No messages available.
2025-02-18T04:18:58.643Z [info]: No messages available.
2025-02-18T04:19:18.935Z [info]: No messages available.
2025-02-18T04:19:39.170Z [info]: No messages available.
2025-02-18T04:19:59.411Z [info]: No messages available.
2025-02-18T04:20:19.644Z [info]: No messages available.
2025-02-18T04:20:39.879Z [info]: No messages available.
2025-02-18T04:21:00.149Z [info]: No messages available.
2025-02-18T04:21:20.390Z [info]: No messages available.
2025-02-18T04:21:40.683Z [info]: No messages available.
2025-02-18T04:22:00.928Z [info]: No messages available.
2025-02-18T04:22:21.165Z [info]: No messages available.
2025-02-18T04:22:41.425Z [info]: No messages available.
2025-02-18T04:23:02.754Z [info]: No messages available.
2025-02-18T04:23:23.027Z [info]: No messages available.
2025-02-18T04:23:43.304Z [info]: No messages available.
2025-02-18T04:24:03.584Z [info]: No messages available.
2025-02-18T04:24:23.867Z [info]: No messages available.
2025-02-18T04:24:44.155Z [info]: No messages available.
2025-02-18T04:25:04.540Z [info]: No messages available.
2025-02-18T04:25:24.835Z [info]: No messages available.
2025-02-18T04:25:45.129Z [info]: No messages available.
2025-02-18T04:26:05.411Z [info]: No messages available.
2025-02-18T04:26:25.686Z [info]: No messages available.
2025-02-18T04:26:45.963Z [info]: No messages available.
2025-02-18T04:27:07.284Z [info]: No messages available.
2025-02-18T04:27:27.587Z [info]: No messages available.
2025-02-18T04:27:47.865Z [info]: No messages available.
2025-02-18T04:28:08.135Z [info]: No messages available.
2025-02-18T04:28:28.407Z [info]: No messages available.
2025-02-18T04:28:48.678Z [info]: No messages available.
2025-02-18T04:29:08.952Z [info]: No messages available.
2025-02-18T04:29:29.224Z [info]: No messages available.
2025-02-18T04:29:49.495Z [info]: No messages available.
2025-02-18T04:30:09.767Z [info]: No messages available.
2025-02-18T04:30:30.094Z [info]: No messages available.
2025-02-18T04:30:50.364Z [info]: No messages available.
2025-02-18T04:31:11.682Z [info]: No messages available.
2025-02-18T04:31:31.977Z [info]: No messages available.
2025-02-18T04:31:52.265Z [info]: No messages available.
2025-02-18T04:32:12.576Z [info]: No messages available.
2025-02-18T04:32:32.926Z [info]: No messages available.
2025-02-18T04:32:53.221Z [info]: No messages available.
2025-02-18T04:33:13.511Z [info]: No messages available.
2025-02-18T04:33:33.805Z [info]: No messages available.
2025-02-18T04:33:54.097Z [info]: No messages available.
2025-02-18T04:34:14.391Z [info]: No messages available.
2025-02-18T04:34:34.721Z [info]: No messages available.
2025-02-18T04:34:55.006Z [info]: No messages available.
2025-02-18T04:35:16.101Z [info]: No messages available.
2025-02-18T04:35:36.345Z [info]: No messages available.
2025-02-18T04:35:56.615Z [info]: No messages available.
2025-02-18T04:36:16.861Z [info]: No messages available.
2025-02-18T04:36:37.102Z [info]: No messages available.
2025-02-18T04:36:57.346Z [info]: No messages available.
2025-02-18T04:37:17.603Z [info]: No messages available.
2025-02-18T04:37:38.008Z [info]: No messages available.
2025-02-18T04:37:58.315Z [info]: No messages available.
2025-02-18T04:38:18.562Z [info]: No messages available.
2025-02-18T06:00:16.043Z [info]: No messages available.
2025-02-18T06:00:36.306Z [info]: No messages available.
2025-02-18T06:00:56.639Z [info]: No messages available.
2025-02-18T06:01:17.134Z [info]: No messages available.
2025-02-18T06:01:37.399Z [info]: No messages available.
2025-02-18T06:01:57.667Z [info]: No messages available.
2025-02-18T06:02:17.946Z [info]: No messages available.
2025-02-18T06:02:38.214Z [info]: No messages available.
2025-02-18T06:02:58.511Z [info]: No messages available.
2025-02-18T06:03:18.819Z [info]: No messages available.
2025-02-18T06:03:39.089Z [info]: No messages available.
2025-02-18T06:03:59.353Z [info]: No messages available.
2025-02-18T06:04:20.514Z [info]: No messages available.
2025-02-18T06:04:40.766Z [info]: No messages available.
2025-02-18T06:05:01.028Z [info]: No messages available.
2025-02-18T06:05:21.283Z [info]: No messages available.
2025-02-18T06:05:41.545Z [info]: No messages available.
2025-02-18T06:06:01.788Z [info]: No messages available.
2025-02-18T06:06:22.031Z [info]: No messages available.
2025-02-18T06:06:42.275Z [info]: No messages available.
2025-02-18T06:07:02.516Z [info]: No messages available.
2025-02-18T06:07:22.760Z [info]: No messages available.
2025-02-18T06:07:43.013Z [info]: No messages available.
2025-02-18T06:08:03.258Z [info]: No messages available.
2025-02-18T06:08:24.421Z [info]: No messages available.
2025-02-18T06:08:44.680Z [info]: No messages available.
2025-02-18T06:09:04.945Z [info]: No messages available.
2025-02-18T06:09:25.640Z [info]: No messages available.
2025-02-18T06:09:45.903Z [info]: No messages available.
2025-02-18T06:10:06.208Z [info]: No messages available.
2025-02-18T06:10:26.578Z [info]: No messages available.
